# JRE version: Java(TM) SE Runtime Environment (8.0_211-b12) (build 1.8.0_211-b12)
# Java VM: Java HotSpot(TM) 64-Bit Server VM (25.211-b12 mixed mode windows-amd64 compressed oops)
Heap:
 PSYoungGen      total 70656K, used 20336K [0x00000000d6100000, 0x00000000dab00000, 0x0000000100000000)
  eden space 65536K, 23% used [0x00000000d6100000,0x00000000d6fdddb8,0x00000000da100000)
  from space 5120K, 99% used [0x00000000da600000,0x00000000daafe470,0x00000000dab00000)
  to   space 5120K, 0% used [0x00000000da100000,0x00000000da100000,0x00000000da600000)
 ParOldGen       total 86016K, used 224K [0x0000000082200000, 0x0000000087600000, 0x00000000d6100000)
  object space 86016K, 0% used [0x0000000082200000,0x00000000822381e8,0x0000000087600000)
 Metaspace       used 17631K, capacity 18588K, committed 18944K, reserved 1064960K
  class space    used 2510K, capacity 2699K, committed 2816K, reserved 1048576K
GC Heap History (8 events):
Event: 3.346 GC heap before
{Heap before GC invocations=1 (full 0):
 PSYoungGen      total 37888K, used 32768K [0x00000000d6100000, 0x00000000d8b00000, 0x0000000100000000)
  eden space 32768K, 100% used [0x00000000d6100000,0x00000000d8100000,0x00000000d8100000)
  from space 5120K, 0% used [0x00000000d8600000,0x00000000d8600000,0x00000000d8b00000)
  to   space 5120K, 0% used [0x00000000d8100000,0x00000000d8100000,0x00000000d8600000)
 ParOldGen       total 86016K, used 0K [0x0000000082200000, 0x0000000087600000, 0x00000000d6100000)
  object space 86016K, 0% used [0x0000000082200000,0x0000000082200000,0x0000000087600000)
 Metaspace       used 8326K, capacity 8750K, committed 9088K, reserved 1056768K
  class space    used 957K, capacity 1065K, committed 1152K, reserved 1048576K
Event: 3.371 GC heap after
Heap after GC invocations=1 (full 0):
 PSYoungGen      total 37888K, used 2969K [0x00000000d6100000, 0x00000000d8b00000, 0x0000000100000000)
  eden space 32768K, 0% used [0x00000000d6100000,0x00000000d6100000,0x00000000d8100000)
  from space 5120K, 57% used [0x00000000d8100000,0x00000000d83e64b8,0x00000000d8600000)
  to   space 5120K, 0% used [0x00000000d8600000,0x00000000d8600000,0x00000000d8b00000)
 ParOldGen       total 86016K, used 0K [0x0000000082200000, 0x0000000087600000, 0x00000000d6100000)
  object space 86016K, 0% used [0x0000000082200000,0x0000000082200000,0x0000000087600000)
 Metaspace       used 8326K, capacity 8750K, committed 9088K, reserved 1056768K
  class space    used 957K, capacity 1065K, committed 1152K, reserved 1048576K
}
Event: 4.267 GC heap before
{Heap before GC invocations=2 (full 0):
 PSYoungGen      total 37888K, used 35737K [0x00000000d6100000, 0x00000000d8b00000, 0x0000000100000000)
  eden space 32768K, 100% used [0x00000000d6100000,0x00000000d8100000,0x00000000d8100000)
  from space 5120K, 57% used [0x00000000d8100000,0x00000000d83e64b8,0x00000000d8600000)
  to   space 5120K, 0% used [0x00000000d8600000,0x00000000d8600000,0x00000000d8b00000)
 ParOldGen       total 86016K, used 0K [0x0000000082200000, 0x0000000087600000, 0x00000000d6100000)
  object space 86016K, 0% used [0x0000000082200000,0x0000000082200000,0x0000000087600000)
 Metaspace       used 12159K, capacity 13016K, committed 13312K, reserved 1060864K
  class space    used 1519K, capacity 1717K, committed 1792K, reserved 1048576K
Event: 4.280 GC heap after
Heap after GC invocations=2 (full 0):
 PSYoungGen      total 37888K, used 4068K [0x00000000d6100000, 0x00000000dab00000, 0x0000000100000000)
  eden space 32768K, 0% used [0x00000000d6100000,0x00000000d6100000,0x00000000d8100000)
  from space 5120K, 79% used [0x00000000d8600000,0x00000000d89f9118,0x00000000d8b00000)
  to   space 5120K, 0% used [0x00000000d8100000,0x00000000d8100000,0x00000000d8600000)
 ParOldGen       total 86016K, used 16K [0x0000000082200000, 0x0000000087600000, 0x00000000d6100000)
  object space 86016K, 0% used [0x0000000082200000,0x0000000082204000,0x0000000087600000)
 Metaspace       used 12159K, capacity 13016K, committed 13312K, reserved 1060864K
  class space    used 1519K, capacity 1717K, committed 1792K, reserved 1048576K
}
Event: 4.683 GC heap before
{Heap before GC invocations=3 (full 0):
 PSYoungGen      total 37888K, used 36836K [0x00000000d6100000, 0x00000000dab00000, 0x0000000100000000)
  eden space 32768K, 100% used [0x00000000d6100000,0x00000000d8100000,0x00000000d8100000)
  from space 5120K, 79% used [0x00000000d8600000,0x00000000d89f9118,0x00000000d8b00000)
  to   space 5120K, 0% used [0x00000000d8100000,0x00000000d8100000,0x00000000d8600000)
 ParOldGen       total 86016K, used 16K [0x0000000082200000, 0x0000000087600000, 0x00000000d6100000)
  object space 86016K, 0% used [0x0000000082200000,0x0000000082204000,0x0000000087600000)
 Metaspace       used 13970K, capacity 14878K, committed 14976K, reserved 1062912K
  class space    used 1896K, capacity 2102K, committed 2176K, reserved 1048576K
Event: 4.691 GC heap after
Heap after GC invocations=3 (full 0):
 PSYoungGen      total 37888K, used 5062K [0x00000000d6100000, 0x00000000dab00000, 0x0000000100000000)
  eden space 32768K, 0% used [0x00000000d6100000,0x00000000d6100000,0x00000000d8100000)
  from space 5120K, 98% used [0x00000000d8100000,0x00000000d85f1a18,0x00000000d8600000)
  to   space 5120K, 0% used [0x00000000da600000,0x00000000da600000,0x00000000dab00000)
 ParOldGen       total 86016K, used 24K [0x0000000082200000, 0x0000000087600000, 0x00000000d6100000)
  object space 86016K, 0% used [0x0000000082200000,0x0000000082206000,0x0000000087600000)
 Metaspace       used 13970K, capacity 14878K, committed 14976K, reserved 1062912K
  class space    used 1896K, capacity 2102K, committed 2176K, reserved 1048576K
}
Event: 5.164 GC heap before
{Heap before GC invocations=4 (full 0):
 PSYoungGen      total 37888K, used 37830K [0x00000000d6100000, 0x00000000dab00000, 0x0000000100000000)
  eden space 32768K, 100% used [0x00000000d6100000,0x00000000d8100000,0x00000000d8100000)
  from space 5120K, 98% used [0x00000000d8100000,0x00000000d85f1a18,0x00000000d8600000)
  to   space 5120K, 0% used [0x00000000da600000,0x00000000da600000,0x00000000dab00000)
 ParOldGen       total 86016K, used 24K [0x0000000082200000, 0x0000000087600000, 0x00000000d6100000)
  object space 86016K, 0% used [0x0000000082200000,0x0000000082206000,0x0000000087600000)
 Metaspace       used 16845K, capacity 17790K, committed 18048K, reserved 1064960K
  class space    used 2396K, capacity 2580K, committed 2688K, reserved 1048576K
Event: 5.176 GC heap after
Heap after GC invocations=4 (full 0):
 PSYoungGen      total 70656K, used 5113K [0x00000000d6100000, 0x00000000dab00000, 0x0000000100000000)
  eden space 65536K, 0% used [0x00000000d6100000,0x00000000d6100000,0x00000000da100000)
  from space 5120K, 99% used [0x00000000da600000,0x00000000daafe470,0x00000000dab00000)
  to   space 5120K, 0% used [0x00000000da100000,0x00000000da100000,0x00000000da600000)
 ParOldGen       total 86016K, used 224K [0x0000000082200000, 0x0000000087600000, 0x00000000d6100000)
  object space 86016K, 0% used [0x0000000082200000,0x00000000822381e8,0x0000000087600000)
 Metaspace       used 16845K, capacity 17790K, committed 18048K, reserved 1064960K
  class space    used 2396K, capacity 2580K, committed 2688K, reserved 1048576K
}

